<?xml version="1.0" encoding="UTF-8"?>
<!-- Generated by org.testng.reporters.JUnitReportReporter -->
<testsuite hostname="Savithas-MacBook-Air.local" failures="0" tests="3" name="com.siemens.openemr.tests.TestRunner" time="85.450" errors="0" timestamp="2026-05-27T17:58:29 IST" skipped="0">
  <testcase classname="com.siemens.openemr.tests.TestRunner" name="runScenario" time="38.928"/>
  <testcase classname="com.siemens.openemr.tests.TestRunner" name="runScenario" time="24.162"/>
  <testcase classname="com.siemens.openemr.tests.TestRunner" name="runScenario" time="22.360"/>
</testsuite> <!-- com.siemens.openemr.tests.TestRunner -->
